<?xml version="1.0" encoding="UTF-8"?>
<!-- Generated by org.testng.reporters.JUnitXMLReporter -->
<testsuite ignored="10" hostname="YDRAHULAL" failures="0" tests="8" name="End-to-end regression tests" time="11.352" errors="0" timestamp="2023-01-14T14:30:10 EET">
  <testcase classname="com.automation.xyzbank.tests.bankmanager.Story01AddCustomer" name="tc01_addCustomerOne" time="3.11"/>
  <testcase classname="com.automation.xyzbank.tests.bankmanager.Story02OpenAccount" name="tc01_openBankAccount" time="1.7"/>
  <testcase classname="com.automation.xyzbank.tests.bankmanager.Story03FindCustomer" name="tc01_findCreatedCustomer" time="1.159"/>
  <testcase classname="com.automation.xyzbank.tests.customer.Story04LoginAsCustomer" name="tc01_loginAsCustomer" time="1.769"/>
  <testcase classname="com.automation.xyzbank.tests.customer.Story05CustomerOperations" name="tc01_depositMoney" time="0.974"/>
  <testcase classname="com.automation.xyzbank.tests.customer.Story05CustomerOperations" name="tc02_withdrawMoney" time="1.048"/>
  <testcase classname="com.automation.xyzbank.tests.customer.Story06TransactionsTable" name="tc01_verifyDepositTransaction" time="0.74"/>
  <testcase classname="com.automation.xyzbank.tests.customer.Story06TransactionsTable" name="tc02_resetBalance" time="0.254"/>
  <testcase classname="com.automation.framework.xyzbank.Manager" name="@AfterSuite terminateDriver" time="0.0">
    <ignored/>
  </testcase> <!-- @AfterSuite terminateDriver -->
  <testcase classname="com.automation.framework.xyzbank.Manager" name="@AfterSuite terminateDriver" time="0.0">
    <ignored/>
  </testcase> <!-- @AfterSuite terminateDriver -->
  <testcase classname="com.automation.framework.xyzbank.Manager" name="@AfterSuite terminateDriver" time="0.0">
    <ignored/>
  </testcase> <!-- @AfterSuite terminateDriver -->
  <testcase classname="com.automation.framework.xyzbank.Manager" name="@AfterSuite terminateDriver" time="0.0">
    <ignored/>
  </testcase> <!-- @AfterSuite terminateDriver -->
  <testcase classname="com.automation.framework.xyzbank.Manager" name="@AfterSuite terminateDriver" time="0.0">
    <ignored/>
  </testcase> <!-- @AfterSuite terminateDriver -->
  <testcase classname="com.automation.framework.xyzbank.Manager" name="@BeforeSuite prepareTestSuite" time="0.0">
    <ignored/>
  </testcase> <!-- @BeforeSuite prepareTestSuite -->
  <testcase classname="com.automation.framework.xyzbank.Manager" name="@BeforeSuite prepareTestSuite" time="0.0">
    <ignored/>
  </testcase> <!-- @BeforeSuite prepareTestSuite -->
  <testcase classname="com.automation.framework.xyzbank.Manager" name="@BeforeSuite prepareTestSuite" time="0.0">
    <ignored/>
  </testcase> <!-- @BeforeSuite prepareTestSuite -->
  <testcase classname="com.automation.framework.xyzbank.Manager" name="@BeforeSuite prepareTestSuite" time="0.0">
    <ignored/>
  </testcase> <!-- @BeforeSuite prepareTestSuite -->
  <testcase classname="com.automation.framework.xyzbank.Manager" name="@BeforeSuite prepareTestSuite" time="0.0">
    <ignored/>
  </testcase> <!-- @BeforeSuite prepareTestSuite -->
</testsuite> <!-- End-to-end regression tests -->
