<?xml version="1.0" encoding="UTF-8"?>
<testsuite xmlns:xsi="http://www.w3.org/2001/XMLSchema-instance" xsi:noNamespaceSchemaLocation="https://maven.apache.org/surefire/maven-surefire-plugin/xsd/surefire-test-report.xsd" name="TestSuite" time="23.551" tests="8" errors="0" skipped="0" failures="0">
  <properties>
[...]
</properties>
  <testcase name="tc01_addCustomerOne" classname="com.automation.xyzbank.tests.bankmanager.Story01AddCustomer" time="3.458"/>
  <testcase name="tc01_openBankAccount" classname="com.automation.xyzbank.tests.bankmanager.Story02OpenAccount" time="1.752"/>
  <testcase name="tc01_findCreatedCustomer" classname="com.automation.xyzbank.tests.bankmanager.Story03FindCustomer" time="1.156"/>
  <testcase name="tc01_loginAsCustomer" classname="com.automation.xyzbank.tests.customer.Story04LoginAsCustomer" time="1.769"/>
  <testcase name="tc01_depositMoney" classname="com.automation.xyzbank.tests.customer.Story05CustomerOperations" time="0.974"/>
  <testcase name="tc02_withdrawMoney" classname="com.automation.xyzbank.tests.customer.Story05CustomerOperations" time="1.048"/>
  <testcase name="tc01_verifyDepositTransaction" classname="com.automation.xyzbank.tests.customer.Story06TransactionsTable" time="0.739"/>
  <testcase name="tc02_resetBalance" classname="com.automation.xyzbank.tests.customer.Story06TransactionsTable" time="0.253"/>
</testsuite>